<?xml version="1.0" encoding="UTF-8"?>
<!-- Generated by org.testng.reporters.JUnitXMLReporter -->
<testsuite hostname="chiran" ignored="2" name="Free CRM Application Test Cases" tests="9" failures="1" timestamp="01 Aug 2018 18:05:36 GMT" time="106.951" errors="0">
  <testcase name="loginPageTitleTest" time="0.064" classname="com.crm.qa.testcases.LoginPageTest">
    <failure type="java.lang.AssertionError" message="expected [ Free CRM software in the cloud powers sales and customer service] but found [#1 Free CRM software in the cloud for sales and service]">
      <![CDATA[java.lang.AssertionError: expected [ Free CRM software in the cloud powers sales and customer service] but found [#1 Free CRM software in the cloud for sales and service]
at com.crm.qa.testcases.LoginPageTest.loginPageTitleTest(LoginPageTest.java:30)
... Removed 31 stack frames]]>
    </failure>
  </testcase> <!-- loginPageTitleTest -->
  <testcase name="verifyHomePageTitleTest" time="0.011" classname="com.crm.qa.testcases.HomePageTest"/>
  <testcase name="verifyContactsPageLabelTest" time="0.051" classname="com.crm.qa.testcases.ContactsPageTest"/>
  <testcase name="crmLogoImageTest" time="0.228" classname="com.crm.qa.testcases.LoginPageTest"/>
  <testcase name="verifyCorrectUserNameTest" time="0.106" classname="com.crm.qa.testcases.HomePageTest"/>
  <testcase name="selectContactsTest" time="0.907" classname="com.crm.qa.testcases.ContactsPageTest"/>
  <testcase name="loginTest" time="4.741" classname="com.crm.qa.testcases.LoginPageTest"/>
  <testcase name="verifyContactsLinkTest" time="0.182" classname="com.crm.qa.testcases.HomePageTest"/>
  <testcase name="selectMultipleContactsTest" time="0.55" classname="com.crm.qa.testcases.ContactsPageTest"/>
  <testcase name="validateCreateNewContact" time="0.0" classname="com.crm.qa.testcases.ContactsPageTest">
    <ignored/>
  </testcase> <!-- validateCreateNewContact -->
  <testcase name="validateCreateNewContact" time="0.0" classname="com.crm.qa.testcases.ContactsPageTest">
    <ignored/>
  </testcase> <!-- validateCreateNewContact -->
</testsuite> <!-- Free CRM Application Test Cases -->
